[03:22:41] ======================================================================
[03:22:41] LIVE BOT BASLATILIYOR
[03:22:41]   Sure: 4.0 saat, interval: 60s
[03:22:41] ======================================================================
[03:22:42] Symbol filters: ['BTCUSDT', 'ETHUSDT', 'SOLUSDT']
[03:22:45] Leverage 10x + isolated margin ayarlandi.
[03:22:45] Baslangic balance: $4,998.41
[03:22:45] --- Iter #1 (t=0.00h) ---
[03:22:47]   Regime=safe  autocorr=+0.018  vol=0.00%
[03:22:48]   Balance: $4,998.41  PnL: $+0.00  (+0.00%)  Positions: 1
[03:23:48] --- Iter #2 (t=0.02h) ---
[03:23:50]   Regime=safe  autocorr=+0.018  vol=0.00%
[03:23:52]   Balance: $4,998.41  PnL: $+0.00  (+0.00%)  Positions: 1
[03:24:52] --- Iter #3 (t=0.04h) ---
[03:24:54]   Regime=safe  autocorr=+0.018  vol=0.00%
[03:24:55]   Balance: $4,998.41  PnL: $+0.00  (+0.00%)  Positions: 1
[03:25:55] --- Iter #4 (t=0.05h) ---
[03:25:57]   Regime=safe  autocorr=+0.018  vol=0.00%
[03:25:58]   Balance: $4,998.41  PnL: $+0.00  (+0.00%)  Positions: 1
[03:26:58] --- Iter #5 (t=0.07h) ---
[03:27:00]   Regime=safe  autocorr=+0.018  vol=0.00%
[03:27:01]   CLOSE SOLUSDT SELL qty=38.63 -> OK
[03:27:02]   Balance: $4,984.05  PnL: $-14.36  (-0.29%)  Positions: 0
[03:28:02] --- Iter #6 (t=0.09h) ---
[03:28:03]   Regime=safe  autocorr=+0.018  vol=0.00%
[03:28:05]   Balance: $4,984.05  PnL: $-14.36  (-0.29%)  Positions: 0
[03:29:05] --- Iter #7 (t=0.11h) ---
[03:29:08]   Regime=safe  autocorr=+0.018  vol=0.00%
[03:29:10]   Balance: $4,984.05  PnL: $-14.36  (-0.29%)  Positions: 0
[03:30:10] --- Iter #8 (t=0.12h) ---
[03:30:13]   Regime=safe  autocorr=+0.018  vol=0.00%
[03:30:24]   HATA: ConnectionError: HTTPSConnectionPool(host='testnet.binancefuture.com', port=443): Max retries exceeded with url: /fapi/v2/positionRisk?timestamp=1777077013677&recvWindow=10000&signature=ca379ca72604a479bbf6d5ed2fce422d454cafac065eae66905388b298d6c8a9 (Caused by NameResolutionError("HTTPSConnection(host='testnet.binancefuture.com', port=443): Failed to resolve 'testnet.binancefuture.com' ([Errno 11001] getaddrinfo failed)"))
[03:31:24] --- Iter #9 (t=0.14h) ---
[03:31:26]   Regime=safe  autocorr=+0.018  vol=0.00%
[03:31:28]   Balance: $4,984.05  PnL: $-14.36  (-0.29%)  Positions: 0
[03:32:28] --- Iter #10 (t=0.16h) ---
[03:32:30]   Regime=safe  autocorr=+0.018  vol=0.00%
[03:32:32]   Balance: $4,984.05  PnL: $-14.36  (-0.29%)  Positions: 0
[03:33:32] --- Iter #11 (t=0.18h) ---
[03:33:35]   Regime=safe  autocorr=+0.018  vol=0.00%
[03:33:37]   Balance: $4,984.05  PnL: $-14.36  (-0.29%)  Positions: 0
[03:34:37] --- Iter #12 (t=0.20h) ---
[03:34:38]   Regime=safe  autocorr=+0.018  vol=0.00%
[03:34:40]   Balance: $4,984.05  PnL: $-14.36  (-0.29%)  Positions: 0
[03:35:40] --- Iter #13 (t=0.22h) ---
[03:35:42]   Regime=safe  autocorr=+0.018  vol=0.00%
[03:35:44]   Balance: $4,984.05  PnL: $-14.36  (-0.29%)  Positions: 0
[03:36:44] --- Iter #14 (t=0.23h) ---
[03:36:46]   Regime=safe  autocorr=+0.018  vol=0.00%
[03:36:48]   Balance: $4,984.05  PnL: $-14.36  (-0.29%)  Positions: 0
[03:37:48] --- Iter #15 (t=0.25h) ---
[03:37:50]   Regime=safe  autocorr=+0.018  vol=0.00%
[03:37:52]   OPEN SOLUSDT BUY qty=37.06 lev=2 alloc=0.32 -> orderId=1854211966
[03:37:53]   Balance: $4,982.77  PnL: $-15.64  (-0.31%)  Positions: 1
[03:38:53] --- Iter #16 (t=0.27h) ---
[03:38:54]   Regime=safe  autocorr=+0.018  vol=0.00%
[03:38:56]   Balance: $4,982.77  PnL: $-15.64  (-0.31%)  Positions: 1
[03:39:56] --- Iter #17 (t=0.29h) ---
[03:39:57]   Regime=safe  autocorr=+0.018  vol=0.00%
[03:39:59]   Balance: $4,982.77  PnL: $-15.64  (-0.31%)  Positions: 1
[03:40:59] --- Iter #18 (t=0.30h) ---
[03:41:01]   Regime=safe  autocorr=+0.018  vol=0.00%
[03:41:03]   Balance: $4,982.77  PnL: $-15.64  (-0.31%)  Positions: 1
[03:42:03] --- Iter #19 (t=0.32h) ---
[03:42:05]   Regime=safe  autocorr=+0.018  vol=0.00%
[03:42:07]   Balance: $4,982.77  PnL: $-15.64  (-0.31%)  Positions: 1
[03:43:07] --- Iter #20 (t=0.34h) ---
[03:43:11]   Regime=safe  autocorr=+0.018  vol=0.00%
[03:43:13]   Balance: $4,982.77  PnL: $-15.64  (-0.31%)  Positions: 1
[03:44:13] --- Iter #21 (t=0.36h) ---
[03:44:15]   Regime=safe  autocorr=+0.018  vol=0.00%
[03:44:17]   Balance: $4,982.77  PnL: $-15.64  (-0.31%)  Positions: 1
[03:45:17] --- Iter #22 (t=0.38h) ---
[03:45:19]   Regime=safe  autocorr=+0.018  vol=0.00%
[03:45:21]   Balance: $4,982.77  PnL: $-15.64  (-0.31%)  Positions: 1
[03:46:21] --- Iter #23 (t=0.39h) ---
[03:46:23]   Regime=safe  autocorr=+0.018  vol=0.00%
[03:46:25]   Balance: $4,982.77  PnL: $-15.64  (-0.31%)  Positions: 1
[03:47:25] --- Iter #24 (t=0.41h) ---
[03:47:28]   Regime=safe  autocorr=+0.018  vol=0.00%
[03:47:29]   Balance: $4,982.77  PnL: $-15.64  (-0.31%)  Positions: 1
[03:48:29] --- Iter #25 (t=0.43h) ---
[03:48:31]   Regime=safe  autocorr=+0.018  vol=0.00%
[03:48:34]   Balance: $4,982.77  PnL: $-15.64  (-0.31%)  Positions: 1
[03:49:34] --- Iter #26 (t=0.45h) ---
[03:49:36]   Regime=safe  autocorr=+0.018  vol=0.00%
[03:49:38]   Balance: $4,982.77  PnL: $-15.64  (-0.31%)  Positions: 1
[03:50:38] --- Iter #27 (t=0.46h) ---
[03:50:40]   Regime=safe  autocorr=+0.018  vol=0.00%
[03:50:41]   Balance: $4,982.77  PnL: $-15.64  (-0.31%)  Positions: 1
[03:51:41] --- Iter #28 (t=0.48h) ---
[03:51:43]   Regime=safe  autocorr=+0.018  vol=0.00%
[03:51:44]   Balance: $4,982.77  PnL: $-15.64  (-0.31%)  Positions: 1
[03:52:44] --- Iter #29 (t=0.50h) ---
[03:52:46]   Regime=safe  autocorr=+0.018  vol=0.00%
[03:52:47]   Balance: $4,982.77  PnL: $-15.64  (-0.31%)  Positions: 1
[03:53:47] --- Iter #30 (t=0.52h) ---
[03:53:49]   Regime=safe  autocorr=+0.018  vol=0.00%
[03:53:50]   Balance: $4,982.77  PnL: $-15.64  (-0.31%)  Positions: 1
[03:54:50] --- Iter #31 (t=0.53h) ---
[03:54:52]   Regime=safe  autocorr=+0.020  vol=0.00%
[03:54:54]   Balance: $4,982.77  PnL: $-15.64  (-0.31%)  Positions: 1
[03:55:54] --- Iter #32 (t=0.55h) ---
[03:55:56]   Regime=safe  autocorr=+0.020  vol=0.00%
[03:55:57]   Balance: $4,982.77  PnL: $-15.64  (-0.31%)  Positions: 1
[03:56:57] --- Iter #33 (t=0.57h) ---
[03:56:59]   Regime=safe  autocorr=+0.020  vol=0.00%
[03:57:00]   Balance: $4,982.77  PnL: $-15.64  (-0.31%)  Positions: 1
[03:58:00] --- Iter #34 (t=0.59h) ---
[03:58:02]   Regime=safe  autocorr=+0.020  vol=0.00%
[03:58:04]   Balance: $4,982.77  PnL: $-15.64  (-0.31%)  Positions: 1
[03:59:04] --- Iter #35 (t=0.61h) ---
[03:59:06]   Regime=safe  autocorr=+0.020  vol=0.00%
[03:59:07]   Balance: $4,982.77  PnL: $-15.64  (-0.31%)  Positions: 1
[04:00:07] --- Iter #36 (t=0.62h) ---
[04:00:09]   Regime=safe  autocorr=+0.020  vol=0.00%
[04:00:11]   Balance: $4,982.77  PnL: $-15.64  (-0.31%)  Positions: 1
[04:01:11] --- Iter #37 (t=0.64h) ---
[04:01:12]   Regime=safe  autocorr=+0.020  vol=0.00%
[04:01:15]   Balance: $4,982.77  PnL: $-15.64  (-0.31%)  Positions: 1
[04:02:15] --- Iter #38 (t=0.66h) ---
[04:02:17]   Regime=safe  autocorr=+0.020  vol=0.00%
[04:02:19]   Balance: $4,982.77  PnL: $-15.64  (-0.31%)  Positions: 1
[04:03:19] --- Iter #39 (t=0.68h) ---
[04:03:20]   Regime=safe  autocorr=+0.020  vol=0.00%
[04:03:22]   Balance: $4,982.77  PnL: $-15.64  (-0.31%)  Positions: 1
[04:04:22] --- Iter #40 (t=0.69h) ---
[04:04:23]   Regime=safe  autocorr=+0.020  vol=0.00%
[04:04:25]   Balance: $4,982.77  PnL: $-15.64  (-0.31%)  Positions: 1
[04:05:25] --- Iter #41 (t=0.71h) ---
[04:05:27]   Regime=safe  autocorr=+0.020  vol=0.00%
[04:05:29]   Balance: $4,982.77  PnL: $-15.64  (-0.31%)  Positions: 1
[04:06:29] --- Iter #42 (t=0.73h) ---
[04:06:30]   Regime=safe  autocorr=+0.020  vol=0.00%
[04:06:32]   Balance: $4,982.77  PnL: $-15.64  (-0.31%)  Positions: 1
[04:07:32] --- Iter #43 (t=0.75h) ---
[04:07:34]   Regime=safe  autocorr=+0.020  vol=0.00%
[04:07:36]   Balance: $4,982.77  PnL: $-15.64  (-0.31%)  Positions: 1
[04:08:36] --- Iter #44 (t=0.76h) ---
[04:08:37]   Regime=safe  autocorr=+0.020  vol=0.00%
[04:08:39]   Balance: $4,982.77  PnL: $-15.64  (-0.31%)  Positions: 1
[04:09:39] --- Iter #45 (t=0.78h) ---
[04:09:40]   Regime=safe  autocorr=+0.020  vol=0.00%
[04:09:42]   Balance: $4,982.77  PnL: $-15.64  (-0.31%)  Positions: 1
[04:10:42] --- Iter #46 (t=0.80h) ---
[04:10:43]   Regime=safe  autocorr=+0.020  vol=0.00%
[04:10:45]   Balance: $4,982.77  PnL: $-15.64  (-0.31%)  Positions: 1
[04:11:45] --- Iter #47 (t=0.82h) ---
[04:11:47]   Regime=safe  autocorr=+0.020  vol=0.00%
[04:11:49]   Balance: $4,982.77  PnL: $-15.64  (-0.31%)  Positions: 1
[04:12:49] --- Iter #48 (t=0.83h) ---
[04:12:51]   Regime=safe  autocorr=+0.020  vol=0.00%
[04:12:53]   Balance: $4,982.77  PnL: $-15.64  (-0.31%)  Positions: 1
[04:13:53] --- Iter #49 (t=0.85h) ---
[04:13:54]   Regime=safe  autocorr=+0.020  vol=0.00%
[04:13:56]   Balance: $4,982.77  PnL: $-15.64  (-0.31%)  Positions: 1
[04:14:56] --- Iter #50 (t=0.87h) ---
[04:14:58]   Regime=safe  autocorr=+0.020  vol=0.00%
[04:15:00]   Balance: $4,982.77  PnL: $-15.64  (-0.31%)  Positions: 1
[04:16:00] --- Iter #51 (t=0.89h) ---
[04:16:02]   Regime=safe  autocorr=+0.020  vol=0.00%
[04:16:04]   Balance: $4,982.77  PnL: $-15.64  (-0.31%)  Positions: 1
[04:17:04] --- Iter #52 (t=0.91h) ---
[04:17:06]   Regime=safe  autocorr=+0.020  vol=0.00%
[04:17:08]   Balance: $4,982.77  PnL: $-15.64  (-0.31%)  Positions: 1
[04:18:08] --- Iter #53 (t=0.92h) ---
[04:18:09]   Regime=safe  autocorr=+0.020  vol=0.00%
[04:18:11]   Balance: $4,982.77  PnL: $-15.64  (-0.31%)  Positions: 1
[04:19:11] --- Iter #54 (t=0.94h) ---
[04:19:13]   Regime=safe  autocorr=+0.020  vol=0.00%
[04:19:15]   Balance: $4,982.77  PnL: $-15.64  (-0.31%)  Positions: 1
[04:20:15] --- Iter #55 (t=0.96h) ---
[04:20:16]   Regime=safe  autocorr=+0.020  vol=0.00%
[04:20:18]   Balance: $4,982.77  PnL: $-15.64  (-0.31%)  Positions: 1
[04:21:18] --- Iter #56 (t=0.98h) ---
[04:21:20]   Regime=safe  autocorr=+0.020  vol=0.00%
[04:21:22]   Balance: $4,982.77  PnL: $-15.64  (-0.31%)  Positions: 1
[04:22:22] --- Iter #57 (t=0.99h) ---
[04:22:23]   Regime=safe  autocorr=+0.020  vol=0.00%
[04:22:25]   Balance: $4,982.77  PnL: $-15.64  (-0.31%)  Positions: 1
[04:23:25] --- Iter #58 (t=1.01h) ---
[04:23:26]   Regime=safe  autocorr=+0.020  vol=0.00%
[04:23:28]   Balance: $4,982.77  PnL: $-15.64  (-0.31%)  Positions: 1
[04:24:28] --- Iter #59 (t=1.03h) ---
[04:24:30]   Regime=safe  autocorr=+0.020  vol=0.00%
[04:24:31]   Balance: $4,982.77  PnL: $-15.64  (-0.31%)  Positions: 1
[04:25:31] --- Iter #60 (t=1.05h) ---
[04:25:33]   Regime=safe  autocorr=+0.020  vol=0.00%
[04:25:35]   Balance: $4,982.77  PnL: $-15.64  (-0.31%)  Positions: 1
[04:26:35] --- Iter #61 (t=1.06h) ---
[04:26:37]   Regime=safe  autocorr=+0.008  vol=0.00%
[04:26:39]   Balance: $4,982.77  PnL: $-15.64  (-0.31%)  Positions: 1
[04:27:39] --- Iter #62 (t=1.08h) ---
[04:27:41]   Regime=safe  autocorr=+0.008  vol=0.00%
[04:27:43]   Balance: $4,982.77  PnL: $-15.64  (-0.31%)  Positions: 1
[04:28:43] --- Iter #63 (t=1.10h) ---
[04:28:44]   Regime=safe  autocorr=+0.008  vol=0.00%
[04:28:46]   Balance: $4,982.77  PnL: $-15.64  (-0.31%)  Positions: 1
[04:29:46] --- Iter #64 (t=1.12h) ---
[04:29:48]   Regime=safe  autocorr=+0.008  vol=0.00%
[04:29:49]   Balance: $4,982.77  PnL: $-15.64  (-0.31%)  Positions: 1
[04:30:49] --- Iter #65 (t=1.13h) ---
[04:30:51]   Regime=safe  autocorr=+0.008  vol=0.00%
[04:30:53]   Balance: $4,982.77  PnL: $-15.64  (-0.31%)  Positions: 1
[04:31:53] --- Iter #66 (t=1.15h) ---
[04:31:55]   Regime=safe  autocorr=+0.008  vol=0.00%
[04:31:57]   Balance: $4,982.77  PnL: $-15.64  (-0.31%)  Positions: 1
[04:32:57] --- Iter #67 (t=1.17h) ---
[04:32:59]   Regime=safe  autocorr=+0.008  vol=0.00%
[04:33:01]   Balance: $4,982.77  PnL: $-15.64  (-0.31%)  Positions: 1
[04:34:01] --- Iter #68 (t=1.19h) ---
[04:34:03]   Regime=safe  autocorr=+0.008  vol=0.00%
[04:34:04]   Balance: $4,982.77  PnL: $-15.64  (-0.31%)  Positions: 1
[04:35:04] --- Iter #69 (t=1.21h) ---
[04:35:06]   Regime=safe  autocorr=+0.008  vol=0.00%
[04:35:07]   Balance: $4,982.77  PnL: $-15.64  (-0.31%)  Positions: 1
[04:36:07] --- Iter #70 (t=1.22h) ---
[04:36:09]   Regime=safe  autocorr=+0.008  vol=0.00%
[04:36:10]   Balance: $4,982.77  PnL: $-15.64  (-0.31%)  Positions: 1
[04:37:10] --- Iter #71 (t=1.24h) ---
[04:37:12]   Regime=safe  autocorr=+0.008  vol=0.00%
[04:37:13]   Balance: $4,982.77  PnL: $-15.64  (-0.31%)  Positions: 1
[04:38:13] --- Iter #72 (t=1.26h) ---
[04:38:15]   Regime=safe  autocorr=+0.008  vol=0.00%
[04:38:17]   Balance: $4,982.77  PnL: $-15.64  (-0.31%)  Positions: 1
[04:39:17] --- Iter #73 (t=1.28h) ---
[04:39:18]   Regime=safe  autocorr=+0.008  vol=0.00%
[04:39:20]   Balance: $4,982.77  PnL: $-15.64  (-0.31%)  Positions: 1
[05:20:39] --- Iter #74 (t=1.97h) ---
[05:20:39]   HATA: ConnectionError: HTTPSConnectionPool(host='fapi.binance.com', port=443): Max retries exceeded with url: /fapi/v1/klines?symbol=BTCUSDT&interval=1h&limit=100 (Caused by NameResolutionError("HTTPSConnection(host='fapi.binance.com', port=443): Failed to resolve 'fapi.binance.com' ([Errno 11001] getaddrinfo failed)"))
[05:21:39] --- Iter #75 (t=1.98h) ---
[05:21:42]   Regime=safe  autocorr=+0.008  vol=0.00%
[05:21:44]   Balance: $4,982.77  PnL: $-15.64  (-0.31%)  Positions: 1
[05:22:44] --- Iter #76 (t=2.00h) ---
[05:22:46]   Regime=safe  autocorr=+0.008  vol=0.00%
[05:22:48]   Balance: $4,982.77  PnL: $-15.64  (-0.31%)  Positions: 1
[05:23:48] --- Iter #77 (t=2.02h) ---
[05:23:50]   Regime=safe  autocorr=+0.008  vol=0.00%
[05:23:53]   Balance: $4,982.77  PnL: $-15.64  (-0.31%)  Positions: 1
[05:24:53] --- Iter #78 (t=2.04h) ---
[05:24:55]   Regime=safe  autocorr=+0.008  vol=0.00%
[05:24:58]   Balance: $4,982.77  PnL: $-15.64  (-0.31%)  Positions: 1
[05:25:58] --- Iter #79 (t=2.05h) ---
[05:26:00]   Regime=safe  autocorr=+0.008  vol=0.00%
[05:26:02]   Balance: $4,982.77  PnL: $-15.64  (-0.31%)  Positions: 1
[05:27:02] --- Iter #80 (t=2.07h) ---
[05:27:05]   Regime=safe  autocorr=+0.008  vol=0.00%
[05:27:07]   Balance: $4,982.77  PnL: $-15.64  (-0.31%)  Positions: 1
[05:28:07] --- Iter #81 (t=2.09h) ---
[05:28:10]   Regime=safe  autocorr=+0.008  vol=0.00%
[05:28:13]   Balance: $4,982.77  PnL: $-15.64  (-0.31%)  Positions: 1
[05:29:13] --- Iter #82 (t=2.11h) ---
[05:29:15]   Regime=safe  autocorr=+0.008  vol=0.00%
[05:29:17]   Balance: $4,982.77  PnL: $-15.64  (-0.31%)  Positions: 1
[05:30:17] --- Iter #83 (t=2.13h) ---
[05:30:19]   Regime=safe  autocorr=+0.008  vol=0.00%
[05:30:22]   Balance: $4,982.77  PnL: $-15.64  (-0.31%)  Positions: 1
[05:31:22] --- Iter #84 (t=2.14h) ---
[05:31:24]   Regime=safe  autocorr=+0.008  vol=0.00%
[05:31:27]   Balance: $4,982.77  PnL: $-15.64  (-0.31%)  Positions: 1
[05:32:27] --- Iter #85 (t=2.16h) ---
[05:32:29]   Regime=safe  autocorr=+0.008  vol=0.00%
[05:32:32]   Balance: $4,982.77  PnL: $-15.64  (-0.31%)  Positions: 1
[05:33:32] --- Iter #86 (t=2.18h) ---
[05:33:34]   Regime=safe  autocorr=+0.008  vol=0.00%
[05:33:37]   Balance: $4,982.77  PnL: $-15.64  (-0.31%)  Positions: 1
[05:34:37] --- Iter #87 (t=2.20h) ---
[05:34:39]   Regime=safe  autocorr=+0.008  vol=0.00%
[05:34:42]   Balance: $4,982.77  PnL: $-15.64  (-0.31%)  Positions: 1
[05:35:42] --- Iter #88 (t=2.22h) ---
[05:35:46]   Regime=safe  autocorr=+0.008  vol=0.00%
[05:35:50]   Balance: $4,982.77  PnL: $-15.64  (-0.31%)  Positions: 1
[05:36:50] --- Iter #89 (t=2.23h) ---
[05:36:53]   Regime=safe  autocorr=+0.008  vol=0.00%
[05:36:56]   Balance: $4,982.77  PnL: $-15.64  (-0.31%)  Positions: 1
[05:37:56] --- Iter #90 (t=2.25h) ---
[05:38:00]   Regime=safe  autocorr=+0.008  vol=0.00%
[05:38:03]   Balance: $4,982.77  PnL: $-15.64  (-0.31%)  Positions: 1
